{"contracts\\rfid_car.sol":{"l":{"12":1,"17":1,"18":1},"path":"C:\\GitHUB-Pranav\\Personal\\web3-Hardhat\\contracts\\rfid_car.sol","s":{"1":1,"2":1},"b":{},"f":{"1":1,"2":1},"fnMap":{"1":{"name":"read_num","line":11,"loc":{"start":{"line":11,"column":4},"end":{"line":13,"column":4}}},"2":{"name":"update_num","line":16,"loc":{"start":{"line":16,"column":4},"end":{"line":19,"column":4}}}},"statementMap":{"1":{"start":{"line":12,"column":8},"end":{"line":12,"column":18}},"2":{"start":{"line":18,"column":8},"end":{"line":18,"column":18}}},"branchMap":{}}}